<?xml version="1.0" encoding="UTF-8"?>
<testng-results ignored="0" total="1" passed="1" failed="0" skipped="0">
  <reporter-output>
  </reporter-output>
  <suite started-at="2022-02-13T13:38:52Z" name="com.selenium.example.my_first_selenium_script.AppTest" finished-at="2022-02-13T13:39:06Z" duration-ms="14660">
    <groups>
    </groups>
    <test started-at="2022-02-13T13:38:52Z" name="Command line test" finished-at="2022-02-13T13:39:06Z" duration-ms="14660">
      <class name="com.selenium.example.my_first_selenium_script.AppTest">
        <test-method is-config="true" signature="setup()[pri:0, instance:com.selenium.example.my_first_selenium_script.AppTest@75329a49]" started-at="2022-02-13T13:38:52Z" name="setup" finished-at="2022-02-13T13:39:02Z" duration-ms="10517" status="PASS">
          <reporter-output>
          </reporter-output>
        </test-method> <!-- setup -->
        <test-method signature="testEmailCredentials()[pri:0, instance:com.selenium.example.my_first_selenium_script.AppTest@75329a49]" started-at="2022-02-13T13:39:02Z" name="testEmailCredentials" finished-at="2022-02-13T13:39:05Z" duration-ms="3292" status="PASS">
          <reporter-output>
          </reporter-output>
        </test-method> <!-- testEmailCredentials -->
        <test-method is-config="true" signature="tearDown()[pri:0, instance:com.selenium.example.my_first_selenium_script.AppTest@75329a49]" started-at="2022-02-13T13:39:05Z" name="tearDown" finished-at="2022-02-13T13:39:06Z" duration-ms="805" status="PASS">
          <reporter-output>
          </reporter-output>
        </test-method> <!-- tearDown -->
      </class> <!-- com.selenium.example.my_first_selenium_script.AppTest -->
    </test> <!-- Command line test -->
  </suite> <!-- com.selenium.example.my_first_selenium_script.AppTest -->
</testng-results>
